2018-08-05 00:53:51,102 - __main__ - WARNING - Failed to get media details for Bez4ZueAwGD
2018-08-05 00:53:52,246 - __main__ - WARNING - Failed to get media details for Bez4Z8FgbrD
2018-08-05 00:53:56,633 - __main__ - WARNING - Failed to get media details for Be4UwNknXMR
2018-08-05 00:53:57,631 - __main__ - WARNING - Failed to get media details for Be4UwR_HojG
2018-08-05 00:54:00,623 - __main__ - WARNING - Failed to get media details for Bi6p61EnlpJ
2018-08-05 00:54:01,703 - __main__ - WARNING - Failed to get media details for Bi6p7afnbGT
2018-08-05 00:54:08,442 - __main__ - WARNING - Failed to get media details for Bfr8P_yhNja
2018-08-05 00:54:09,528 - __main__ - WARNING - Failed to get media details for Bfr8QmYBc1T
2018-08-05 00:54:10,637 - __main__ - WARNING - Failed to get media details for Bfr8QnsB8w0
2018-08-05 00:54:15,671 - __main__ - WARNING - Failed to get media details for Be4UwNknXMR
2018-08-05 00:54:16,794 - __main__ - WARNING - Failed to get media details for Be4UwR_HojG
2018-08-05 00:54:18,774 - __main__ - WARNING - Failed to get media details for Bez4ZueAwGD
2018-08-05 00:54:19,929 - __main__ - WARNING - Failed to get media details for Bez4Z8FgbrD
2018-08-05 00:54:48,224 - __main__ - WARNING - Failed to get media details for Bl_c-KgA4Vg
2018-08-05 00:54:49,277 - __main__ - WARNING - Failed to get media details for Bl_dnP7AYFB
2018-08-05 00:54:50,426 - __main__ - WARNING - Failed to get media details for Bl_dnemAkld
2018-08-05 00:54:51,818 - __main__ - WARNING - Failed to get media details for Bl9Ov64H9tl
2018-08-05 00:54:52,837 - __main__ - WARNING - Failed to get media details for Bl9OwJTHzM2
2018-08-05 00:54:54,287 - __main__ - WARNING - Failed to get media details for Bl0lIJ6Hbmy
2018-08-05 00:54:55,215 - __main__ - WARNING - Failed to get media details for Bl0lIgAHpAs
2018-08-05 00:54:58,915 - __main__ - WARNING - Failed to get media details for Bl1SBIEB2AK
2018-08-05 00:55:00,048 - __main__ - WARNING - Failed to get media details for Bl1SBV2BWwE
2018-08-05 00:55:01,915 - __main__ - WARNING - Failed to get media details for BkinHeBhw52
2018-08-05 00:55:03,126 - __main__ - WARNING - Failed to get media details for BkinHSIhEfd
2018-08-05 00:55:11,731 - __main__ - WARNING - Failed to get media details for Bl_c-KgA4Vg
2018-08-05 00:55:12,776 - __main__ - WARNING - Failed to get media details for Bl_dnP7AYFB
2018-08-05 00:55:13,765 - __main__ - WARNING - Failed to get media details for Bl_dnemAkld
2018-08-05 00:55:16,858 - __main__ - WARNING - Failed to get media details for Bl9Ov64H9tl
2018-08-05 00:55:17,894 - __main__ - WARNING - Failed to get media details for Bl9OwJTHzM2
2018-08-05 00:55:29,596 - __main__ - WARNING - Failed to get media details for Bl6eEJcH_JE
2018-08-05 00:55:30,864 - __main__ - WARNING - Failed to get media details for Bl6eEdRn3jK
2018-08-05 00:55:32,733 - __main__ - WARNING - Failed to get media details for Bl6eEyQnshI
2018-08-05 00:55:40,630 - __main__ - WARNING - Failed to get media details for Bl1h7E1D_ev
2018-08-05 00:55:41,601 - __main__ - WARNING - Failed to get media details for Bl1h6x-DaHY
2018-08-05 00:55:42,641 - __main__ - WARNING - Failed to get media details for Bl1h7ZYj1cT
2018-08-05 00:55:44,378 - __main__ - WARNING - Failed to get media details for Bl1iTuahnvu
2018-08-05 00:55:45,477 - __main__ - WARNING - Failed to get media details for Bl1iT7gBTQ9
2018-08-05 00:55:48,394 - __main__ - WARNING - Failed to get media details for Bl1SLLsBXsA
2018-08-05 00:55:49,884 - __main__ - WARNING - Failed to get media details for Bl1SLbghnBu
2018-08-05 00:55:51,844 - __main__ - WARNING - Failed to get media details for Bl1SBIEB2AK
2018-08-05 00:55:53,077 - __main__ - WARNING - Failed to get media details for Bl1SBV2BWwE
2018-08-05 00:55:56,029 - __main__ - WARNING - Failed to get media details for Bl1J9MTlR3p
2018-08-05 00:55:57,503 - __main__ - WARNING - Failed to get media details for Bl1J9V4lp87
2018-08-05 00:55:59,050 - __main__ - WARNING - Failed to get media details for Bl1J9hAljyC
2018-08-05 00:56:00,407 - __main__ - WARNING - Failed to get media details for Bl1J9q3F9C9
2018-08-05 00:56:01,762 - __main__ - WARNING - Failed to get media details for Bl1J9z_l1Ei
2018-08-05 00:56:03,015 - __main__ - WARNING - Failed to get media details for Bl1J99_lWhI
2018-08-05 00:56:15,433 - __main__ - WARNING - Failed to get media details for BXVZLA5Ahjr
2018-08-05 00:56:16,490 - __main__ - WARNING - Failed to get media details for BXVZLIpgntQ
2018-08-05 00:56:17,541 - __main__ - WARNING - Failed to get media details for BXVZLSDg2N-
2018-08-05 00:56:18,687 - __main__ - WARNING - Failed to get media details for BXVZLZug3_3
2018-08-05 00:56:20,664 - __main__ - WARNING - Failed to get media details for Bk_HNyFHKwd
2018-08-05 00:56:21,890 - __main__ - WARNING - Failed to get media details for Bk_HO4sH0Ex
2018-08-05 00:56:23,280 - __main__ - WARNING - Failed to get media details for Bk_HQMInCXu
2018-08-05 00:56:24,482 - __main__ - WARNING - Failed to get media details for Bk_HTsgH9Mx
2018-08-05 00:56:25,998 - __main__ - WARNING - Failed to get media details for Bj5BwhtAgzi
2018-08-05 00:56:26,929 - __main__ - WARNING - Failed to get media details for Bj5Bw1eAhSD
2018-08-05 00:57:50,782 - __main__ - WARNING - Failed to get media details for BjPD383gmzB
2018-08-05 00:57:51,919 - __main__ - WARNING - Failed to get media details for BjPD4NaAqGY
2018-08-05 00:57:53,037 - __main__ - WARNING - Failed to get media details for BjPD4ogA95j
2018-08-05 00:57:54,114 - __main__ - WARNING - Failed to get media details for BjPD4YaAwxT
2018-08-05 00:58:19,735 - __main__ - WARNING - Failed to get media details for BZizMs1hQK7
2018-08-05 00:58:21,038 - __main__ - WARNING - Failed to get media details for BZizMjWBs6c
2018-08-05 00:58:22,351 - __main__ - WARNING - Failed to get media details for BZizMrPhWTh
2018-08-05 00:58:23,801 - __main__ - WARNING - Failed to get media details for BZizMl3BzfC
2018-08-05 00:58:44,601 - __main__ - WARNING - Failed to get media details for BXB8QtmDCl3
2018-08-05 00:58:46,060 - __main__ - WARNING - Failed to get media details for BXB8RXNDMwn
2018-08-05 00:58:47,202 - __main__ - WARNING - Failed to get media details for BXB8RVGDvdr
2018-08-05 00:58:48,325 - __main__ - WARNING - Failed to get media details for BXB8RmJjiMB
2018-08-05 00:59:10,184 - __main__ - WARNING - Failed to get media details for BkUch41HE1F
2018-08-05 00:59:11,744 - __main__ - WARNING - Failed to get media details for BkUciI-FhTe
2018-08-05 00:59:31,490 - __main__ - WARNING - Failed to get media details for BkUch41HE1F
2018-08-05 00:59:33,210 - __main__ - WARNING - Failed to get media details for BkUciI-FhTe
2018-08-05 01:00:15,106 - __main__ - WARNING - Failed to get media details for BhnrfK6BxOZ
2018-08-05 01:00:17,623 - __main__ - WARNING - Failed to get media details for BhnrgQmhIdw
2018-08-05 01:00:20,295 - __main__ - WARNING - Failed to get media details for Bhnrh9mhX_U
2018-08-05 01:00:22,750 - __main__ - WARNING - Failed to get media details for Bhnri6QBg4S
2018-08-05 01:00:24,923 - __main__ - WARNING - Failed to get media details for BhnrjWChEmP
2018-08-05 01:00:27,215 - __main__ - WARNING - Failed to get media details for BhnrjcXhx_t
2018-08-05 01:00:29,938 - __main__ - WARNING - Failed to get media details for BhnrjYeBOpJ
2018-08-05 01:00:58,378 - __main__ - WARNING - Failed to get media details for BgNQmDrhbNY
2018-08-05 01:01:00,006 - __main__ - WARNING - Failed to get media details for BgNQmQTBaAM
2018-08-05 01:01:04,038 - __main__ - WARNING - Failed to get media details for BgNQmDrhbNY
2018-08-05 01:01:05,596 - __main__ - WARNING - Failed to get media details for BgNQmQTBaAM
2018-08-05 01:01:11,013 - __main__ - WARNING - Failed to get media details for BWRAS7GhLSi
2018-08-05 01:01:12,245 - __main__ - WARNING - Failed to get media details for BWRATH6BNsT
2018-08-05 01:01:13,222 - __main__ - WARNING - Failed to get media details for BWRATdLhOFe
2018-08-05 01:01:14,235 - __main__ - WARNING - Failed to get media details for BWRATwphXYn
2018-08-05 01:01:21,573 - __main__ - WARNING - Failed to get media details for BWRAS7GhLSi
2018-08-05 01:01:22,935 - __main__ - WARNING - Failed to get media details for BWRATH6BNsT
2018-08-05 01:01:23,949 - __main__ - WARNING - Failed to get media details for BWRATdLhOFe
2018-08-05 01:01:25,026 - __main__ - WARNING - Failed to get media details for BWRATwphXYn
2018-08-05 01:01:30,643 - __main__ - WARNING - Failed to get media details for BUU1TUJjw8V
2018-08-05 01:01:31,605 - __main__ - WARNING - Failed to get media details for BUU1TfSD01w
2018-08-05 01:01:32,549 - __main__ - WARNING - Failed to get media details for BUU1TnrjORJ
2018-08-05 01:01:41,321 - __main__ - WARNING - Failed to get media details for BYr72Dxlltg
2018-08-05 01:01:42,312 - __main__ - WARNING - Failed to get media details for BYr72HmF21b
2018-08-05 01:01:43,309 - __main__ - WARNING - Failed to get media details for BYr72H1FIiS
2018-08-05 01:01:44,450 - __main__ - WARNING - Failed to get media details for BYr72XDFpkr
2018-08-05 01:01:46,205 - __main__ - WARNING - Failed to get media details for BYr72SqFZjr
2018-08-05 01:01:47,107 - __main__ - WARNING - Failed to get media details for BYr72YeFOqD
2018-08-05 01:01:48,626 - __main__ - WARNING - Failed to get media details for BW1vpuJAyfr
2018-08-05 01:01:49,575 - __main__ - WARNING - Failed to get media details for BW1vp7tAeJe
2018-08-05 01:01:50,613 - __main__ - WARNING - Failed to get media details for BW1vqFeAZwr
2018-08-05 01:01:52,417 - __main__ - WARNING - Failed to get media details for BlpUkLTHgXi
2018-08-05 01:01:53,665 - __main__ - WARNING - Failed to get media details for BlpUlK2nC6_
2018-08-05 01:01:55,417 - __main__ - WARNING - Failed to get media details for BhjbsB-Fx2c
2018-08-05 01:01:56,461 - __main__ - WARNING - Failed to get media details for BhjbtCOFBwh
2018-08-05 01:01:58,554 - __main__ - WARNING - Failed to get media details for BZiaBCYAw9f
2018-08-05 01:01:59,600 - __main__ - WARNING - Failed to get media details for BZiaCJxgNga
2018-08-05 01:02:00,533 - __main__ - WARNING - Failed to get media details for BZiaCx4Aakx
2018-08-05 01:02:03,461 - __main__ - WARNING - Failed to get media details for BmDaAs_j-jR
2018-08-05 01:02:04,714 - __main__ - WARNING - Failed to get media details for BmDaBMjDcMV
2018-08-05 01:02:06,071 - __main__ - WARNING - Failed to get media details for BmDaBXMjmVe
2018-08-05 01:02:07,428 - __main__ - WARNING - Failed to get media details for BmDaBNDjeKP
2018-08-05 01:02:10,561 - __main__ - WARNING - Failed to get media details for BmAzcBWF7mZ
2018-08-05 01:02:11,815 - __main__ - WARNING - Failed to get media details for BmAzf9_ln2G
2018-08-05 01:02:13,068 - __main__ - WARNING - Failed to get media details for BmAzgGRlsbE
2018-08-05 01:02:14,413 - __main__ - WARNING - Failed to get media details for BmAzftGl5nI
2018-08-05 01:02:15,888 - __main__ - WARNING - Failed to get media details for BmAzgAPlpl9
2018-08-05 01:02:17,524 - __main__ - WARNING - Failed to get media details for BmAaBAEAmIf
2018-08-05 01:02:18,710 - __main__ - WARNING - Failed to get media details for BmAaClPAFEW
2018-08-05 01:02:19,750 - __main__ - WARNING - Failed to get media details for BmAaDOrgaUZ
2018-08-05 01:02:26,435 - __main__ - WARNING - Failed to get media details for Bl5KFlyDgKg
2018-08-05 01:02:27,454 - __main__ - WARNING - Failed to get media details for Bl5KFpDjPCa
2018-08-05 01:02:28,622 - __main__ - WARNING - Failed to get media details for Bl5KFpLj56-
2018-08-05 01:02:30,843 - __main__ - WARNING - Failed to get media details for Bl0EfiXly-i
2018-08-05 01:02:31,976 - __main__ - WARNING - Failed to get media details for Bl0Efv0l2gV
2018-08-05 01:02:33,437 - __main__ - WARNING - Failed to get media details for Bl0Ef7Clgw3
2018-08-05 01:02:34,474 - __main__ - WARNING - Failed to get media details for Bl0EgEjFlCz
2018-08-05 01:02:36,566 - __main__ - WARNING - Failed to get media details for BlzVuUjBvkJ
2018-08-05 01:02:37,931 - __main__ - WARNING - Failed to get media details for BlzVu8PBqoh
2018-08-05 01:02:39,395 - __main__ - WARNING - Failed to get media details for BlzVu1chYGG
2018-08-05 01:02:40,759 - __main__ - WARNING - Failed to get media details for BlzVu-LBoJl
2018-08-05 01:02:42,419 - __main__ - WARNING - Failed to get media details for BlzVu9PhTgz
2018-08-05 01:02:46,165 - __main__ - WARNING - Failed to get media details for Blxf-dbDTjs
2018-08-05 01:02:47,224 - __main__ - WARNING - Failed to get media details for Blxf-eqj0D5
2018-08-05 01:02:49,332 - __main__ - WARNING - Failed to get media details for Blw8fo8ns1N
2018-08-05 01:02:50,671 - __main__ - WARNING - Failed to get media details for Blw8f72nVDX
2018-08-05 01:02:51,815 - __main__ - WARNING - Failed to get media details for Blw8gFrnV_j
2018-08-05 01:02:53,628 - __main__ - WARNING - Failed to get media details for Blwvv9QlRcZ
2018-08-05 01:02:54,841 - __main__ - WARNING - Failed to get media details for Blwve5elouX
2018-08-05 01:02:56,102 - __main__ - WARNING - Failed to get media details for BlwvfDMlK6t
2018-08-05 01:02:57,460 - __main__ - WARNING - Failed to get media details for Blwvxo5F1y3
2018-08-05 01:02:58,713 - __main__ - WARNING - Failed to get media details for Blwvzb9lmth
2018-08-05 01:03:00,070 - __main__ - WARNING - Failed to get media details for BlwvzAxF180
2018-08-05 01:03:07,277 - __main__ - WARNING - Failed to get media details for BlreEuelWy9
2018-08-05 01:03:08,430 - __main__ - WARNING - Failed to get media details for BlreE8KldDX
2018-08-05 01:03:10,010 - __main__ - WARNING - Failed to get media details for Blppxy0nUDK
2018-08-05 01:03:11,144 - __main__ - WARNING - Failed to get media details for Blppx-cHO0_
2018-08-05 01:03:12,835 - __main__ - WARNING - Failed to get media details for BlpUkLTHgXi
2018-08-05 01:03:13,919 - __main__ - WARNING - Failed to get media details for BlpUlK2nC6_
2018-08-05 01:03:15,911 - __main__ - WARNING - Failed to get media details for BlpANzRD3VX
2018-08-05 01:03:17,114 - __main__ - WARNING - Failed to get media details for BlpATGGjBWi
2018-08-05 01:03:18,191 - __main__ - WARNING - Failed to get media details for BlpATZpjcR1
2018-08-05 01:03:19,290 - __main__ - WARNING - Failed to get media details for BlpAr9Kj0US
2018-08-05 01:03:20,396 - __main__ - WARNING - Failed to get media details for BlpAsJWDJgX
2018-08-05 01:03:21,943 - __main__ - WARNING - Failed to get media details for BlnAf8sDp3K
2018-08-05 01:03:22,884 - __main__ - WARNING - Failed to get media details for BlnAf-3DvZ-
2018-08-05 01:03:26,604 - __main__ - WARNING - Failed to get media details for Blko7xMBQf0
2018-08-05 01:03:28,273 - __main__ - WARNING - Failed to get media details for Blko7zghJ89
2018-08-05 01:03:32,972 - __main__ - WARNING - Failed to get media details for Blfd1lEBL6i
2018-08-05 01:03:34,331 - __main__ - WARNING - Failed to get media details for Blfd2NjBkhO
2018-08-05 01:03:35,477 - __main__ - WARNING - Failed to get media details for Blfd2K6BWpE
2018-08-05 01:03:36,626 - __main__ - WARNING - Failed to get media details for Blfd5TwhW9Q
2018-08-05 01:03:37,674 - __main__ - WARNING - Failed to get media details for Blfd5UuBPDM
2018-08-05 01:03:38,820 - __main__ - WARNING - Failed to get media details for Blfd5zuhGQg
2018-08-05 01:03:43,626 - __main__ - WARNING - Failed to get media details for BlcsOQmH4z8
2018-08-05 01:03:44,781 - __main__ - WARNING - Failed to get media details for Blcsg8vDnWG
2018-08-05 01:03:45,934 - __main__ - WARNING - Failed to get media details for BlcsOean4zJ
2018-08-05 01:03:47,177 - __main__ - WARNING - Failed to get media details for BlcsOnbn2j2
2018-08-05 01:03:49,161 - __main__ - WARNING - Failed to get media details for BlZ8p1NnrX1
2018-08-05 01:03:50,310 - __main__ - WARNING - Failed to get media details for BlZ8ptCnVgw
2018-08-05 01:03:51,459 - __main__ - WARNING - Failed to get media details for BlZ8mDWnhod
2018-08-05 01:03:52,724 - __main__ - WARNING - Failed to get media details for BlZ8pyQnXx9
2018-08-05 01:03:54,071 - __main__ - WARNING - Failed to get media details for BlZ8oc8nuyC
2018-08-05 01:03:55,198 - __main__ - WARNING - Failed to get media details for BlZ8quEHHiA
2018-08-05 01:03:56,369 - __main__ - WARNING - Failed to get media details for BlZ8xLyn4DI
2018-08-05 01:03:57,725 - __main__ - WARNING - Failed to get media details for BlZ8xAoHwoz
2018-08-05 01:04:03,056 - __main__ - WARNING - Failed to get media details for BlVe4Cvgju5
2018-08-05 01:04:05,249 - __main__ - WARNING - Failed to get media details for BlVe4Vvg0-2
2018-08-05 01:04:07,334 - __main__ - WARNING - Failed to get media details for BlVe4QfgUnA
2018-08-05 01:04:09,692 - __main__ - WARNING - Failed to get media details for BlVe4V6gCkp
2018-08-05 01:04:11,966 - __main__ - WARNING - Failed to get media details for BlVe4YOAxUv
2018-08-05 01:04:14,335 - __main__ - WARNING - Failed to get media details for BlVe4x_Aayr
2018-08-05 01:04:16,655 - __main__ - WARNING - Failed to get media details for BlVe4zXAHQ8
2018-08-05 01:04:19,133 - __main__ - WARNING - Failed to get media details for BlVe4zeg4Ud
2018-08-05 01:04:21,582 - __main__ - WARNING - Failed to get media details for BlVe5DxAwq8
2018-08-05 01:04:23,658 - __main__ - WARNING - Failed to get media details for BlVe5GKA51R
2018-08-05 01:04:24,791 - __main__ - WARNING - Failed to get media details for BlUkIpjg_L0
2018-08-05 01:04:25,628 - __main__ - WARNING - Failed to get media details for BlUkIrJgfQs
2018-08-05 01:04:26,538 - __main__ - WARNING - Failed to get media details for BlUkIu_A4bI
2018-08-05 01:04:47,126 - __main__ - WARNING - Failed to get media details for Bjt5dZTAeYW
2018-08-05 01:04:48,384 - __main__ - WARNING - Failed to get media details for Bjt5dklghcr
2018-08-05 01:04:49,473 - __main__ - WARNING - Failed to get media details for Bjt5ds-gJZV
2018-08-05 01:04:50,577 - __main__ - WARNING - Failed to get media details for Bjt5d14AEzQ
2018-08-05 01:04:51,937 - __main__ - WARNING - Failed to get media details for Bjt5d_MAjM3
2018-08-05 01:04:53,357 - __main__ - WARNING - Failed to get media details for Blrk-taA4PN
2018-08-05 01:04:54,249 - __main__ - WARNING - Failed to get media details for Blrk-uKgS-4
2018-08-05 01:04:56,761 - __main__ - WARNING - Failed to get media details for BjD5P_9HqC2
2018-08-05 01:04:57,792 - __main__ - WARNING - Failed to get media details for BjD5QoMnjyj
2018-08-05 01:05:04,462 - __main__ - WARNING - Failed to get media details for BjrfXE0nYMp
2018-08-05 01:05:06,552 - __main__ - WARNING - Failed to get media details for BjrfXIbnmgj
2018-08-05 01:05:09,211 - __main__ - WARNING - Failed to get media details for Bl1r0t3DTus
2018-08-05 01:05:10,253 - __main__ - WARNING - Failed to get media details for Bl1r083DwwL
2018-08-05 01:05:13,064 - __main__ - WARNING - Failed to get media details for Blrk-taA4PN
2018-08-05 01:05:14,000 - __main__ - WARNING - Failed to get media details for Blrk-uKgS-4
2018-08-05 01:05:34,234 - __main__ - WARNING - Failed to get media details for Bjt5dZTAeYW
2018-08-05 01:05:35,912 - __main__ - WARNING - Failed to get media details for Bjt5dklghcr
2018-08-05 01:05:37,085 - __main__ - WARNING - Failed to get media details for Bjt5ds-gJZV
2018-08-05 01:05:38,307 - __main__ - WARNING - Failed to get media details for Bjt5d14AEzQ
2018-08-05 01:05:39,463 - __main__ - WARNING - Failed to get media details for Bjt5d_MAjM3
2018-08-05 01:05:44,884 - __main__ - WARNING - Failed to get media details for BjrfXE0nYMp
2018-08-05 01:05:47,305 - __main__ - WARNING - Failed to get media details for BjrfXIbnmgj
2018-08-05 01:05:52,937 - __main__ - WARNING - Failed to get media details for BjD5P_9HqC2
2018-08-05 01:05:53,992 - __main__ - WARNING - Failed to get media details for BjD5QoMnjyj
2018-08-05 01:05:56,978 - __main__ - WARNING - Failed to get media details for Biv6ycABB5x
2018-08-05 01:05:58,048 - __main__ - WARNING - Failed to get media details for Biv6yu4ho5S
2018-08-05 01:06:21,275 - __main__ - WARNING - Failed to get media details for Bk8T2SqBA8a
2018-08-05 01:06:22,096 - __main__ - WARNING - Failed to get media details for Bk8T2f-Bdnm
2018-08-05 01:06:22,871 - __main__ - WARNING - Failed to get media details for Bk8T2jkh22x
2018-08-05 01:06:31,928 - __main__ - WARNING - Failed to get media details for BkmVQrugGpj
2018-08-05 01:06:33,082 - __main__ - WARNING - Failed to get media details for BkmVQpIAw-s
2018-08-05 01:06:44,882 - __main__ - WARNING - Failed to get media details for BkA7sBHj8gR
2018-08-05 01:06:47,770 - __main__ - WARNING - Failed to get media details for BkA7sCKj_l6
2018-08-05 01:06:50,692 - __main__ - WARNING - Failed to get media details for BkA7sIIjR-W
2018-08-05 01:06:54,313 - __main__ - WARNING - Failed to get media details for Bj75WUAgSl1
2018-08-05 01:06:55,604 - __main__ - WARNING - Failed to get media details for Bj75WVEgIen
2018-08-05 01:06:57,587 - __main__ - WARNING - Failed to get media details for Bj2kr2ID3FH
2018-08-05 01:06:59,043 - __main__ - WARNING - Failed to get media details for Bj2kr3GjbQq
2018-08-05 01:07:04,074 - __main__ - WARNING - Failed to get media details for BjrnUJflizO
2018-08-05 01:07:05,527 - __main__ - WARNING - Failed to get media details for BjrnUaDF7GX
2018-08-05 01:07:07,508 - __main__ - WARNING - Failed to get media details for BjlbZ-sFdGK
2018-08-05 01:07:08,594 - __main__ - WARNING - Failed to get media details for BjlbcEVlzXp
2018-08-05 01:07:09,696 - __main__ - WARNING - Failed to get media details for BjlbcBHlQVP
2018-08-05 01:07:11,018 - __main__ - WARNING - Failed to get media details for BjlbcISlJla
2018-08-05 01:07:12,108 - __main__ - WARNING - Failed to get media details for Bjlbb0mF194
2018-08-05 01:07:13,456 - __main__ - WARNING - Failed to get media details for BjlbblCFJlA
2018-08-05 01:07:18,665 - __main__ - WARNING - Failed to get media details for BjLYyPinh1h
2018-08-05 01:07:19,803 - __main__ - WARNING - Failed to get media details for BjLYySgn9dN
2018-08-05 01:07:22,450 - __main__ - WARNING - Failed to get media details for BjBCKMDDW2C
2018-08-05 01:07:23,653 - __main__ - WARNING - Failed to get media details for BjBCKd_jl8s
2018-08-05 01:07:31,213 - __main__ - WARNING - Failed to get media details for BZC_JHkjB-x
2018-08-05 01:07:33,100 - __main__ - WARNING - Failed to get media details for BZC_JGTjYn7
2018-08-05 01:07:36,175 - __main__ - WARNING - Failed to get media details for BUNRb63Blkf
2018-08-05 01:07:37,272 - __main__ - WARNING - Failed to get media details for BUNRc6ABQMX
2018-08-05 01:07:41,868 - __main__ - WARNING - Failed to get media details for Bh0rZkNADi8
2018-08-05 01:07:43,018 - __main__ - WARNING - Failed to get media details for Bh0rZ4TA0Y6
2018-08-05 01:07:43,984 - __main__ - WARNING - Failed to get media details for Bh0rZyDAhzV
2018-08-05 01:07:45,057 - __main__ - WARNING - Failed to get media details for Bh0relwAuuD
2018-08-05 01:07:45,942 - __main__ - WARNING - Failed to get media details for Bh0rfqIgMbD
2018-08-05 01:07:46,887 - __main__ - WARNING - Failed to get media details for Bh0rhVqgvlU
2018-08-05 01:07:47,905 - __main__ - WARNING - Failed to get media details for Bh0rj59gAgv
2018-08-05 01:07:48,869 - __main__ - WARNING - Failed to get media details for Bh0rk0tA8nO
2018-08-05 01:07:49,833 - __main__ - WARNING - Failed to get media details for Bh0rk-iAcSo
2018-08-05 01:07:52,521 - __main__ - WARNING - Failed to get media details for BesN0H9nCem
2018-08-05 01:07:53,450 - __main__ - WARNING - Failed to get media details for BesNg6_n41E
2018-08-05 01:07:54,234 - __main__ - WARNING - Failed to get media details for BesNg7qHy5R
2018-08-05 01:07:55,733 - __main__ - WARNING - Failed to get media details for BesMr-4HDIc
2018-08-05 01:07:57,018 - __main__ - WARNING - Failed to get media details for BesMsBVH5s0
2018-08-05 01:07:58,058 - __main__ - WARNING - Failed to get media details for BesMsCHHUIY
2018-08-05 01:08:00,215 - __main__ - WARNING - Failed to get media details for BeC3BoKDUq_
2018-08-05 01:08:01,363 - __main__ - WARNING - Failed to get media details for BeC3BzoDv5j
2018-08-05 01:08:02,721 - __main__ - WARNING - Failed to get media details for BeC3B_cDXzW
2018-08-05 01:08:09,234 - __main__ - WARNING - Failed to get media details for BZC_JHkjB-x
2018-08-05 01:08:11,011 - __main__ - WARNING - Failed to get media details for BZC_JGTjYn7
2018-08-05 01:08:18,845 - __main__ - WARNING - Failed to get media details for BXC7dDphkUA
2018-08-05 01:08:20,308 - __main__ - WARNING - Failed to get media details for BXC7d3PhADZ
2018-08-05 01:08:21,742 - __main__ - WARNING - Failed to get media details for BXC7d1PBVE3
2018-08-05 01:08:23,065 - __main__ - WARNING - Failed to get media details for BXC7eD1hoj6
2018-08-05 01:08:24,592 - __main__ - WARNING - Failed to get media details for BXC7eTnBHUV
2018-08-05 01:08:27,464 - __main__ - WARNING - Failed to get media details for BWKGPmVATXP
2018-08-05 01:08:28,422 - __main__ - WARNING - Failed to get media details for BWKGP6cAJvW
2018-08-05 01:08:29,266 - __main__ - WARNING - Failed to get media details for BWKGP38A2hS
2018-08-05 01:08:30,285 - __main__ - WARNING - Failed to get media details for BWKGQS3AHeO
2018-08-05 01:08:31,312 - __main__ - WARNING - Failed to get media details for BWKGQSeAa0M
2018-08-05 01:08:33,826 - __main__ - WARNING - Failed to get media details for BVgWj5mF0Y_
2018-08-05 01:08:35,034 - __main__ - WARNING - Failed to get media details for BVgWkHWF09z
2018-08-05 01:08:38,152 - __main__ - WARNING - Failed to get media details for BVZnZoQHtyy
2018-08-05 01:08:39,838 - __main__ - WARNING - Failed to get media details for BVZnaYdH-Hs
2018-08-05 01:08:41,666 - __main__ - WARNING - Failed to get media details for BVZna3znvYA
2018-08-05 01:08:43,383 - __main__ - WARNING - Failed to get media details for BVZncjYHkBX
2018-08-05 01:08:45,271 - __main__ - WARNING - Failed to get media details for BVZneOhHJXY
2018-08-05 01:08:46,941 - __main__ - WARNING - Failed to get media details for BVZneXkHtQL
2018-08-05 01:08:51,146 - __main__ - WARNING - Failed to get media details for BUNRb63Blkf
2018-08-05 01:08:52,479 - __main__ - WARNING - Failed to get media details for BUNRc6ABQMX
2018-08-05 01:08:57,178 - __main__ - WARNING - Failed to get media details for BSQQk-QBRH7
2018-08-05 01:08:58,430 - __main__ - WARNING - Failed to get media details for BSQQlHthbKI
2018-08-05 01:08:59,891 - __main__ - WARNING - Failed to get media details for BSQQlVuhMEn
2018-08-05 01:09:01,181 - __main__ - WARNING - Failed to get media details for BSQQldDhziK
2018-08-05 01:09:02,396 - __main__ - WARNING - Failed to get media details for BSQQlqphBqZ
2018-08-05 01:09:03,756 - __main__ - WARNING - Failed to get media details for BSQQl0GhbEH
2018-08-05 01:09:05,076 - __main__ - WARNING - Failed to get media details for BSQQl9WBcoa
2018-08-05 01:09:06,206 - __main__ - WARNING - Failed to get media details for BSQQmH_h7eo
2018-08-05 01:09:07,412 - __main__ - WARNING - Failed to get media details for BSQQmXIBtap
2018-08-05 01:10:45,175 - __main__ - WARNING - Failed to get media details for BlqE0eDhFiR
2018-08-05 01:10:46,323 - __main__ - WARNING - Failed to get media details for BlqE05fhQ2a
2018-08-05 01:10:47,251 - __main__ - WARNING - Failed to get media details for BlqE0MZhSIl
2018-08-05 01:10:50,710 - __main__ - WARNING - Failed to get media details for BlhIR6vlGPx
2018-08-05 01:10:51,816 - __main__ - WARNING - Failed to get media details for BlhISGplo7o
2018-08-05 01:10:52,935 - __main__ - WARNING - Failed to get media details for BlhISXvl2QS
2018-08-05 01:10:59,486 - __main__ - WARNING - Failed to get media details for Bk_1dSwl9EU
2018-08-05 01:11:00,630 - __main__ - WARNING - Failed to get media details for Bk_1dP1lslB
2018-08-05 01:11:01,989 - __main__ - WARNING - Failed to get media details for Bk_1dmjF6I4
2018-08-05 01:11:03,205 - __main__ - WARNING - Failed to get media details for Bk_1dqUFCM_
2018-08-05 01:11:05,230 - __main__ - WARNING - Failed to get media details for Bk_1dJflzOO
2018-08-05 01:11:06,724 - __main__ - WARNING - Failed to get media details for Bko4OFRBGN2
2018-08-05 01:11:07,695 - __main__ - WARNING - Failed to get media details for Bko4PdDB6oc
2018-08-05 01:11:08,563 - __main__ - WARNING - Failed to get media details for Bko4PQrhMbU
2018-08-05 01:11:09,519 - __main__ - WARNING - Failed to get media details for Bko4OiRBWLv
2018-08-05 01:11:10,554 - __main__ - WARNING - Failed to get media details for Bko4PfvhYiF
2018-08-05 01:11:13,078 - __main__ - WARNING - Failed to get media details for BkjvHTlHNIZ
2018-08-05 01:11:14,284 - __main__ - WARNING - Failed to get media details for BkjvISOnfbO
2018-08-05 01:11:18,806 - __main__ - WARNING - Failed to get media details for BieKINknrEz
2018-08-05 01:11:20,317 - __main__ - WARNING - Failed to get media details for BieKIaDnF4t
2018-08-05 01:11:22,359 - __main__ - WARNING - Failed to get media details for BieKIjtHnZq
2018-08-05 01:11:23,821 - __main__ - WARNING - Failed to get media details for BieKIwtHNPa
2018-08-05 01:11:25,904 - __main__ - WARNING - Failed to get media details for BieKJRSH9kR
2018-08-05 01:11:29,355 - __main__ - WARNING - Failed to get media details for BgNMwjmhtj5
2018-08-05 01:11:30,401 - __main__ - WARNING - Failed to get media details for BgNMwoohGmO
2018-08-05 01:11:40,740 - __main__ - WARNING - Failed to get media details for BlVbUV3FK1s
2018-08-05 01:11:42,828 - __main__ - WARNING - Failed to get media details for BlVbUfvlA2f
2018-08-05 01:11:45,025 - __main__ - WARNING - Failed to get media details for BlVbUpOFJx2
2018-08-05 01:11:47,112 - __main__ - WARNING - Failed to get media details for BlVbUzPFg-D
2018-08-05 01:11:52,335 - __main__ - WARNING - Failed to get media details for Bk2GGiyAlwZ
2018-08-05 01:11:53,585 - __main__ - WARNING - Failed to get media details for Bk2GGlIgyxX
2018-08-05 01:11:54,740 - __main__ - WARNING - Failed to get media details for Bk2GGlJgIUF
2018-08-05 01:11:55,891 - __main__ - WARNING - Failed to get media details for Bk2GGmVAEuw
2018-08-05 01:11:58,292 - __main__ - WARNING - Failed to get media details for BkUhOE4HfRj
2018-08-05 01:11:59,541 - __main__ - WARNING - Failed to get media details for BkUhOGtnsSN
2018-08-05 01:12:01,025 - __main__ - WARNING - Failed to get media details for BkUhOncHapI
2018-08-05 01:12:02,386 - __main__ - WARNING - Failed to get media details for BkUhOcMnsM9
2018-08-05 01:12:11,900 - __main__ - WARNING - Failed to get media details for BjBcb-bD5O-
2018-08-05 01:12:13,029 - __main__ - WARNING - Failed to get media details for BjBccyWjlzD
2018-08-05 01:12:14,273 - __main__ - WARNING - Failed to get media details for BjBcc9IDySD
2018-08-05 01:12:15,386 - __main__ - WARNING - Failed to get media details for BjBccsdDLoH
2018-08-05 01:12:16,490 - __main__ - WARNING - Failed to get media details for BjBccqPDFk-
2018-08-05 01:12:22,868 - __main__ - WARNING - Failed to get media details for BieKINknrEz
2018-08-05 01:12:24,389 - __main__ - WARNING - Failed to get media details for BieKIaDnF4t
2018-08-05 01:12:25,651 - __main__ - WARNING - Failed to get media details for BieKIjtHnZq
2018-08-05 01:12:26,793 - __main__ - WARNING - Failed to get media details for BieKIwtHNPa
2018-08-05 01:12:28,158 - __main__ - WARNING - Failed to get media details for BieKJRSH9kR
2018-08-05 01:12:34,012 - __main__ - WARNING - Failed to get media details for Bhu19z9FYnd
2018-08-05 01:12:35,367 - __main__ - WARNING - Failed to get media details for Bhu1-ArlIPn
2018-08-05 01:12:46,539 - __main__ - WARNING - Failed to get media details for BgNMwjmhtj5
2018-08-05 01:12:47,583 - __main__ - WARNING - Failed to get media details for BgNMwoohGmO
2018-08-05 01:13:00,191 - __main__ - WARNING - Failed to get media details for BeDRYHAH1Pu
2018-08-05 01:13:02,000 - __main__ - WARNING - Failed to get media details for BeDRYOwHPrs
2018-08-05 01:13:03,779 - __main__ - WARNING - Failed to get media details for BeDRYX9nMLa
2018-08-05 01:13:08,779 - __main__ - WARNING - Failed to get media details for BmCwzocnfVp
2018-08-05 01:13:09,910 - __main__ - WARNING - Failed to get media details for BmCwzp6naRQ
2018-08-05 01:13:10,975 - __main__ - WARNING - Failed to get media details for BmCwzq7nuLT
2018-08-05 01:13:17,667 - __main__ - WARNING - Failed to get media details for BmDxmATnZtu
2018-08-05 01:13:19,661 - __main__ - WARNING - Failed to get media details for BmDxmFVH1pb
2018-08-05 01:13:22,812 - __main__ - WARNING - Failed to get media details for BmCwzocnfVp
2018-08-05 01:13:24,029 - __main__ - WARNING - Failed to get media details for BmCwzp6naRQ
2018-08-05 01:13:25,123 - __main__ - WARNING - Failed to get media details for BmCwzq7nuLT
2018-08-05 01:13:30,259 - __main__ - WARNING - Failed to get media details for Bl7BG16j7oK
2018-08-05 01:13:32,711 - __main__ - WARNING - Failed to get media details for Bl7BG4AjIq5
2018-08-05 01:13:34,440 - __main__ - WARNING - Failed to get media details for Bl7BG4BDYWU
2018-08-05 01:13:36,158 - __main__ - WARNING - Failed to get media details for Bl7BHELj3iO
2018-08-05 01:13:38,037 - __main__ - WARNING - Failed to get media details for Bl7BHFeDdxS
2018-08-05 01:13:39,916 - __main__ - WARNING - Failed to get media details for Bl7BHHYjMzW
2018-08-05 01:13:42,111 - __main__ - WARNING - Failed to get media details for Bl5cDpgHrpv
2018-08-05 01:13:43,362 - __main__ - WARNING - Failed to get media details for Bl5cDtlnY6b
2018-08-05 01:13:44,407 - __main__ - WARNING - Failed to get media details for Bl5cD0anxbM
2018-08-05 01:13:52,452 - __main__ - WARNING - Failed to get media details for Bls8MW-FNxu
2018-08-05 01:13:54,743 - __main__ - WARNING - Failed to get media details for Bls8MirFloQ
2018-08-05 01:13:57,251 - __main__ - WARNING - Failed to get media details for Bls8MjMFnWu
2018-08-05 01:14:11,984 - __main__ - WARNING - Failed to get media details for BlIWdXDnMgZ
2018-08-05 01:14:13,175 - __main__ - WARNING - Failed to get media details for BlIWdq1H3oD
2018-08-05 01:14:23,361 - __main__ - WARNING - Failed to get media details for Bk4yXC_loVe
2018-08-05 01:14:24,593 - __main__ - WARNING - Failed to get media details for Bk4yXLPFLMJ
2018-08-05 01:14:25,978 - __main__ - WARNING - Failed to get media details for Bk4yXWBFnxK
2018-08-05 01:14:27,370 - __main__ - WARNING - Failed to get media details for Bk4yXeZlmHa
2018-08-05 01:14:33,914 - __main__ - WARNING - Failed to get media details for Bk2GXtFnjWW
2018-08-05 01:14:35,138 - __main__ - WARNING - Failed to get media details for Bk2GYmUHGHg
2018-08-05 01:14:36,367 - __main__ - WARNING - Failed to get media details for Bk2GT3QHABP
2018-08-05 01:14:43,634 - __main__ - WARNING - Failed to get media details for BlndT_1BXXP
2018-08-05 01:14:44,987 - __main__ - WARNING - Failed to get media details for BlndUNpBzR-
2018-08-05 01:14:46,346 - __main__ - WARNING - Failed to get media details for BlndUbah_YP
2018-08-05 01:14:47,673 - __main__ - WARNING - Failed to get media details for BlndUmhhbR1
2018-08-05 01:14:49,063 - __main__ - WARNING - Failed to get media details for BlndUwcBjog
2018-08-05 01:14:50,355 - __main__ - WARNING - Failed to get media details for BlndU_1h5Ix
2018-08-05 01:14:51,780 - __main__ - WARNING - Failed to get media details for BlndVKwB2hn
2018-08-05 01:14:53,240 - __main__ - WARNING - Failed to get media details for BlndVTHBE9u
2018-08-05 01:14:54,427 - __main__ - WARNING - Failed to get media details for BlndVeUB0_f
2018-08-05 01:14:57,527 - __main__ - WARNING - Failed to get media details for Bgv2kyPnf6Q
2018-08-05 01:14:58,666 - __main__ - WARNING - Failed to get media details for Bgv2kpsHLvW
2018-08-05 01:14:59,710 - __main__ - WARNING - Failed to get media details for Bgv2k20nSeL
2018-08-05 01:15:00,860 - __main__ - WARNING - Failed to get media details for Bgv2k1Mnemp
2018-08-05 01:15:02,430 - __main__ - WARNING - Failed to get media details for Bgv2k0yH2--
2018-08-05 01:15:03,576 - __main__ - WARNING - Failed to get media details for Bgv2k2CHRwQ
2018-08-05 01:15:06,298 - __main__ - WARNING - Failed to get media details for BcIvqBZFpwU
2018-08-05 01:15:07,266 - __main__ - WARNING - Failed to get media details for BcIvqBUF5Wp
2018-08-05 01:15:11,306 - __main__ - WARNING - Failed to get media details for Bls0I5njIzW
2018-08-05 01:15:12,537 - __main__ - WARNING - Failed to get media details for Bls0JfPDjMg
2018-08-05 01:15:13,923 - __main__ - WARNING - Failed to get media details for Bls0J1yj9iq
2018-08-05 01:15:16,163 - __main__ - WARNING - Failed to get media details for BloLHHdhGQm
2018-08-05 01:15:17,574 - __main__ - WARNING - Failed to get media details for BloLHc_Bv1G
2018-08-05 01:15:19,972 - __main__ - WARNING - Failed to get media details for BlndT_1BXXP
2018-08-05 01:15:21,550 - __main__ - WARNING - Failed to get media details for BlndUNpBzR-
2018-08-05 01:15:22,692 - __main__ - WARNING - Failed to get media details for BlndUbah_YP
2018-08-05 01:15:23,915 - __main__ - WARNING - Failed to get media details for BlndUmhhbR1
2018-08-05 01:15:25,169 - __main__ - WARNING - Failed to get media details for BlndUwcBjog
2018-08-05 01:15:26,212 - __main__ - WARNING - Failed to get media details for BlndU_1h5Ix
2018-08-05 01:15:27,500 - __main__ - WARNING - Failed to get media details for BlndVKwB2hn
2018-08-05 01:15:28,667 - __main__ - WARNING - Failed to get media details for BlndVTHBE9u
2018-08-05 01:15:30,003 - __main__ - WARNING - Failed to get media details for BlndVeUB0_f
2018-08-05 01:15:38,987 - __main__ - WARNING - Failed to get media details for BlIg20XgdvM
2018-08-05 01:15:40,185 - __main__ - WARNING - Failed to get media details for BlIg59bA8ML
2018-08-05 01:15:41,625 - __main__ - WARNING - Failed to get media details for BlIg6ZEAAMX
2018-08-05 01:15:42,934 - __main__ - WARNING - Failed to get media details for BlIg6tGARgq
2018-08-05 01:15:45,395 - __main__ - WARNING - Failed to get media details for BlAjaS6hGQ6
2018-08-05 01:15:46,644 - __main__ - WARNING - Failed to get media details for BlAjbW1hGV6
2018-08-05 01:15:48,076 - __main__ - WARNING - Failed to get media details for BlAjsUyBsAG
2018-08-05 01:15:49,430 - __main__ - WARNING - Failed to get media details for BlAjvJaFbXj
2018-08-05 01:15:52,256 - __main__ - WARNING - Failed to get media details for Bk-llEthyxN
2018-08-05 01:15:54,032 - __main__ - WARNING - Failed to get media details for Bk-ll25By0R
2018-08-05 01:15:55,644 - __main__ - WARNING - Failed to get media details for Bk-ll2FhrAQ
2018-08-05 01:15:57,266 - __main__ - WARNING - Failed to get media details for Bk-lmO0hP9_
2018-08-05 01:15:58,811 - __main__ - WARNING - Failed to get media details for Bk-lmIJB5iN
2018-08-05 01:16:00,293 - __main__ - WARNING - Failed to get media details for Bk-lmQ5h4uL
2018-08-05 01:16:04,893 - __main__ - WARNING - Failed to get media details for Bk6CZbYhaL5
2018-08-05 01:16:06,562 - __main__ - WARNING - Failed to get media details for Bk6CaajhfRI
2018-08-05 01:16:10,112 - __main__ - WARNING - Failed to get media details for BkuygoSBVql
2018-08-05 01:16:11,346 - __main__ - WARNING - Failed to get media details for BkuyhBKBsp_
2018-08-05 01:16:13,247 - __main__ - WARNING - Failed to get media details for BksLZ2mAR-b
2018-08-05 01:16:14,815 - __main__ - WARNING - Failed to get media details for BksLY-0gxA5
2018-08-05 01:16:16,065 - __main__ - WARNING - Failed to get media details for BksLaHeAFV6
2018-08-05 01:16:17,290 - __main__ - WARNING - Failed to get media details for BksLadUgoTv
2018-08-05 01:16:19,613 - __main__ - WARNING - Failed to get media details for Bkf1OWygPqQ
2018-08-05 01:16:20,855 - __main__ - WARNING - Failed to get media details for Bkf1OlHgehK
2018-08-05 01:16:30,736 - __main__ - WARNING - Failed to get media details for BkbO7zqn97N
2018-08-05 01:16:34,030 - __main__ - WARNING - Failed to get media details for BkbO77KHjrL
2018-08-05 01:16:41,759 - __main__ - WARNING - Failed to get media details for BkU6jP7ATCw
2018-08-05 01:16:43,062 - __main__ - WARNING - Failed to get media details for BkU6jkjAfNn
2018-08-05 01:16:44,370 - __main__ - WARNING - Failed to get media details for BkU6j4bAfkb
2018-08-05 01:16:45,772 - __main__ - WARNING - Failed to get media details for BkU6kGmgT2h
2018-08-05 01:16:50,740 - __main__ - WARNING - Failed to get media details for Bj2nYM5Az5C
2018-08-05 01:16:52,200 - __main__ - WARNING - Failed to get media details for Bj2nYeKgaGr
2018-08-05 01:16:56,903 - __main__ - WARNING - Failed to get media details for BgSgb69lBxK
2018-08-05 01:16:57,949 - __main__ - WARNING - Failed to get media details for BgSgb_blopt
2018-08-05 01:17:03,485 - __main__ - WARNING - Failed to get media details for BivoK6Mjmzv
2018-08-05 01:17:05,991 - __main__ - WARNING - Failed to get media details for BivoLTWDUo2
2018-08-05 01:17:09,179 - __main__ - WARNING - Failed to get media details for BivoLZADxpx
2018-08-05 01:17:41,299 - __main__ - WARNING - Failed to get media details for BjUKN9LhHx9
2018-08-05 01:17:42,572 - __main__ - WARNING - Failed to get media details for BjUKNsDBeru
2018-08-05 01:17:43,701 - __main__ - WARNING - Failed to get media details for BjUKNs4hyLk
2018-08-05 01:17:46,935 - __main__ - WARNING - Failed to get media details for BlXO_xMh4aB
2018-08-05 01:17:48,605 - __main__ - WARNING - Failed to get media details for BlXO_2RhVIu
2018-08-05 01:17:50,390 - __main__ - WARNING - Failed to get media details for BlXO__nhMkT
2018-08-05 01:17:51,830 - __main__ - WARNING - Failed to get media details for BlXPABchWgD
2018-08-05 01:18:02,706 - __main__ - WARNING - Failed to get media details for Bl_AAkSj0_9
2018-08-05 01:18:03,751 - __main__ - WARNING - Failed to get media details for Bl_AA9fjInJ
2018-08-05 01:18:13,047 - __main__ - WARNING - Failed to get media details for BlXO_xMh4aB
2018-08-05 01:18:14,826 - __main__ - WARNING - Failed to get media details for BlXO_2RhVIu
2018-08-05 01:18:16,762 - __main__ - WARNING - Failed to get media details for BlXO__nhMkT
2018-08-05 01:18:18,343 - __main__ - WARNING - Failed to get media details for BlXPABchWgD
2018-08-05 01:18:21,402 - __main__ - WARNING - Failed to get media details for BlVjQsrn4PQ
2018-08-05 01:18:23,387 - __main__ - WARNING - Failed to get media details for BlVjQ4cHaFf
2018-08-05 01:18:25,140 - __main__ - WARNING - Failed to get media details for BlVjRCKHeH-
2018-08-05 01:18:33,191 - __main__ - WARNING - Failed to get media details for Bkz1fUyHLlT
2018-08-05 01:18:34,421 - __main__ - WARNING - Failed to get media details for Bkz1fVjneHs
2018-08-05 01:18:38,742 - __main__ - WARNING - Failed to get media details for BkkkaQ8gSi8
2018-08-05 01:18:40,067 - __main__ - WARNING - Failed to get media details for Bkkka_nAZBq
2018-08-05 01:18:41,249 - __main__ - WARNING - Failed to get media details for BkkkbEAgGMK
2018-08-05 01:18:42,507 - __main__ - WARNING - Failed to get media details for BkkkbI_ge1p
2018-08-05 01:18:44,070 - __main__ - WARNING - Failed to get media details for BkkkbHzgUiQ
2018-08-05 01:18:53,155 - __main__ - WARNING - Failed to get media details for BkXSgHVgb-B
2018-08-05 01:18:54,408 - __main__ - WARNING - Failed to get media details for BkXSgPkAwQr
2018-08-05 01:18:55,768 - __main__ - WARNING - Failed to get media details for BkXSgT8gJE5
2018-08-05 01:18:56,920 - __main__ - WARNING - Failed to get media details for BkXSgWFgJXB
2018-08-05 01:18:57,932 - __main__ - WARNING - Failed to get media details for BkXSgbIgY-m
2018-08-05 01:18:59,209 - __main__ - WARNING - Failed to get media details for BkXSgdLAqu1
2018-08-05 01:19:00,455 - __main__ - WARNING - Failed to get media details for BkXSgeFgoNq
2018-08-05 01:19:07,779 - __main__ - WARNING - Failed to get media details for BjXKm48FGNN
2018-08-05 01:19:09,030 - __main__ - WARNING - Failed to get media details for BjXKnMzlaAX
2018-08-05 01:19:10,392 - __main__ - WARNING - Failed to get media details for BjXKnN1FrJa
2018-08-05 01:19:16,865 - __main__ - WARNING - Failed to get media details for BjUKN9LhHx9
2018-08-05 01:19:18,017 - __main__ - WARNING - Failed to get media details for BjUKNsDBeru
2018-08-05 01:19:19,230 - __main__ - WARNING - Failed to get media details for BjUKNs4hyLk
2018-08-05 01:19:21,845 - __main__ - WARNING - Failed to get media details for BjTFSEDhNwK
2018-08-05 01:19:22,738 - __main__ - WARNING - Failed to get media details for BjTFSJABN8T
2018-08-05 01:19:23,759 - __main__ - WARNING - Failed to get media details for BjTFRzOhOs5
2018-08-05 01:19:24,725 - __main__ - WARNING - Failed to get media details for BjTFSKPhM2d
2018-08-05 01:19:25,743 - __main__ - WARNING - Failed to get media details for BjTFSJcBXhl
2018-08-05 01:19:29,087 - __main__ - WARNING - Failed to get media details for BhmBcHzgR9p
2018-08-05 01:19:30,340 - __main__ - WARNING - Failed to get media details for BhmBdMeACWx
2018-08-05 01:19:31,474 - __main__ - WARNING - Failed to get media details for BhmBdFnALat
2018-08-05 01:19:33,368 - __main__ - WARNING - Failed to get media details for BbrQK5djJGt
2018-08-05 01:19:34,312 - __main__ - WARNING - Failed to get media details for BbrQMjXj_rI
2018-08-05 01:19:35,354 - __main__ - WARNING - Failed to get media details for BbrQMiljUsA
2018-08-05 01:19:36,509 - __main__ - WARNING - Failed to get media details for BbrQMV3DAmi
2018-08-05 01:19:37,628 - __main__ - WARNING - Failed to get media details for BbrQMmOD9Ls
2018-08-05 01:19:39,738 - __main__ - WARNING - Failed to get media details for BcWtMOojoDI
2018-08-05 01:19:41,093 - __main__ - WARNING - Failed to get media details for BcWtMdfjQPZ
2018-08-05 01:19:44,653 - __main__ - WARNING - Failed to get media details for Bby0c4xBhB9
2018-08-05 01:19:46,586 - __main__ - WARNING - Failed to get media details for Bby0c_ohWzN
2018-08-05 01:19:48,512 - __main__ - WARNING - Failed to get media details for Bby0c8cBlEV
2018-08-05 01:19:50,707 - __main__ - WARNING - Failed to get media details for Bby0clIBEkf
2018-08-05 01:20:10,552 - __main__ - WARNING - Failed to get media details for BlajaU-F6Kl
2018-08-05 01:20:13,151 - __main__ - WARNING - Failed to get media details for Blajah8FraJ
2018-08-05 01:20:16,297 - __main__ - WARNING - Failed to get media details for BlajaryF0Ox
2018-08-05 01:20:20,931 - __main__ - WARNING - Failed to get media details for BlSqj0nnSor
2018-08-05 01:20:22,718 - __main__ - WARNING - Failed to get media details for BlSqkEQHCI7
2018-08-05 01:20:55,915 - __main__ - WARNING - Failed to get media details for BWHD_xnAH58
2018-08-05 01:20:59,422 - __main__ - WARNING - Failed to get media details for BWHD_1IgB15
2018-08-05 01:21:02,880 - __main__ - WARNING - Failed to get media details for BWHD_-JgtDA
2018-08-05 01:21:06,870 - __main__ - WARNING - Failed to get media details for BWHEAQrg5Oc
2018-08-05 01:21:11,756 - __main__ - WARNING - Failed to get media details for BjbzwMvgF6o
2018-08-05 01:21:13,219 - __main__ - WARNING - Failed to get media details for BjbzwQaAJZM
2018-08-05 01:21:14,456 - __main__ - WARNING - Failed to get media details for BjbzwfKgRqb
2018-08-05 01:21:15,632 - __main__ - WARNING - Failed to get media details for BjbzwiwgLcm
2018-08-05 01:21:16,878 - __main__ - WARNING - Failed to get media details for BjbzwiWAXOJ
2018-08-05 01:21:40,467 - __main__ - WARNING - Failed to get media details for BWHD_xnAH58
2018-08-05 01:21:44,262 - __main__ - WARNING - Failed to get media details for BWHD_1IgB15
2018-08-05 01:21:47,758 - __main__ - WARNING - Failed to get media details for BWHD_-JgtDA
2018-08-05 01:21:51,854 - __main__ - WARNING - Failed to get media details for BWHEAQrg5Oc
2018-08-05 01:22:21,009 - __main__ - WARNING - Failed to get media details for BgPxyMvnFZ4
2018-08-05 01:22:22,365 - __main__ - WARNING - Failed to get media details for BgPxyQon-Wg
2018-08-05 01:22:23,683 - __main__ - WARNING - Failed to get media details for BgPxyQ9n0_O
2018-08-05 01:22:25,126 - __main__ - WARNING - Failed to get media details for BgPxyf9ndkk
2018-08-05 01:22:28,838 - __main__ - WARNING - Failed to get media details for BheA-p8HpL3
2018-08-05 01:22:30,095 - __main__ - WARNING - Failed to get media details for BheA-wHHbHf
2018-08-05 01:22:31,430 - __main__ - WARNING - Failed to get media details for BheA-4cHFKy
2018-08-05 01:22:44,925 - __main__ - WARNING - Failed to get media details for BheA-p8HpL3
2018-08-05 01:22:46,389 - __main__ - WARNING - Failed to get media details for BheA-wHHbHf
2018-08-05 01:22:47,534 - __main__ - WARNING - Failed to get media details for BheA-4cHFKy
2018-08-05 01:22:50,428 - __main__ - WARNING - Failed to get media details for BgPxyMvnFZ4
2018-08-05 01:22:51,820 - __main__ - WARNING - Failed to get media details for BgPxyQon-Wg
2018-08-05 01:22:53,115 - __main__ - WARNING - Failed to get media details for BgPxyQ9n0_O
2018-08-05 01:22:54,382 - __main__ - WARNING - Failed to get media details for BgPxyf9ndkk
2018-08-05 01:23:29,105 - __main__ - WARNING - Failed to get media details for Bl__vcCh-Rd
2018-08-05 01:23:32,030 - __main__ - WARNING - Failed to get media details for Bl__vnIhJEo
2018-08-05 01:23:36,835 - __main__ - WARNING - Failed to get media details for Blbg_GXnzNV
2018-08-05 01:23:38,297 - __main__ - WARNING - Failed to get media details for Blbg_HGnsbX
2018-08-05 01:23:40,834 - __main__ - WARNING - Failed to get media details for BlKPFNTl9ow
2018-08-05 01:23:41,844 - __main__ - WARNING - Failed to get media details for BlKPFEXFnfM
2018-08-05 01:23:42,698 - __main__ - WARNING - Failed to get media details for BlKPFESljux
2018-08-05 01:23:52,297 - __main__ - WARNING - Failed to get media details for BkdxpfbgznA
2018-08-05 01:23:53,692 - __main__ - WARNING - Failed to get media details for BkdxphMAYex
2018-08-05 01:23:55,109 - __main__ - WARNING - Failed to get media details for Bkdxpg4Asot
2018-08-05 01:23:58,770 - __main__ - WARNING - Failed to get media details for BjwR3xhBl9M
2018-08-05 01:24:00,129 - __main__ - WARNING - Failed to get media details for BjwR36nBWms
2018-08-05 01:24:01,385 - __main__ - WARNING - Failed to get media details for BjwR3QzhvGR
2018-08-05 01:24:03,889 - __main__ - WARNING - Failed to get media details for BjmbO4AhEhA
2018-08-05 01:24:05,003 - __main__ - WARNING - Failed to get media details for BjmbPLEBWR0
2018-08-05 01:24:06,190 - __main__ - WARNING - Failed to get media details for BjmbPDEhfOk
2018-08-05 01:24:07,647 - __main__ - WARNING - Failed to get media details for BjmbPJbB6Xv
2018-08-05 01:24:09,006 - __main__ - WARNING - Failed to get media details for BjmbPONBiFW
2018-08-05 01:24:10,261 - __main__ - WARNING - Failed to get media details for BjmbPQCB2Xq
2018-08-05 01:24:27,496 - __main__ - WARNING - Failed to get media details for Bc12_EpHPJ7
2018-08-05 01:24:28,955 - __main__ - WARNING - Failed to get media details for Bc13A6knAKb
2018-08-05 01:24:30,101 - __main__ - WARNING - Failed to get media details for Bc13A2vnDnF
2018-08-05 01:24:31,370 - __main__ - WARNING - Failed to get media details for Bc13BSfnI9b
2018-08-05 01:24:36,791 - __main__ - WARNING - Failed to get media details for BcYhuLgBi3Z
2018-08-05 01:24:37,989 - __main__ - WARNING - Failed to get media details for BcYhuMyB0Wy
2018-08-05 01:24:43,002 - __main__ - WARNING - Failed to get media details for Bh3zXkhF-Ps
2018-08-05 01:24:44,098 - __main__ - WARNING - Failed to get media details for Bh3zcvXFjhR
2018-08-05 01:24:45,022 - __main__ - WARNING - Failed to get media details for Bh3zeipFn3d
2018-08-05 01:24:45,964 - __main__ - WARNING - Failed to get media details for Bh3zc4ylNUe
2018-08-05 01:25:00,290 - __main__ - WARNING - Failed to get media details for BlDVk6zBNnu
2018-08-05 01:25:03,630 - __main__ - WARNING - Failed to get media details for BlDVlKfBkIc
2018-08-05 01:25:06,659 - __main__ - WARNING - Failed to get media details for BlDVlWBhRKi
2018-08-05 01:25:10,110 - __main__ - WARNING - Failed to get media details for BlDVlgaBXLa
2018-08-05 01:25:13,450 - __main__ - WARNING - Failed to get media details for BlDVltdBzhf
2018-08-05 01:25:16,792 - __main__ - WARNING - Failed to get media details for BlDVl8hB2OX
2018-08-05 01:25:20,236 - __main__ - WARNING - Failed to get media details for BlDVmLMhhYY
2018-08-05 01:25:21,709 - __main__ - WARNING - Failed to get media details for BlBC2e2jLcM
2018-08-05 01:25:22,549 - __main__ - WARNING - Failed to get media details for BlBC3xuDqen
2018-08-05 01:25:23,549 - __main__ - WARNING - Failed to get media details for BlBC4Z4j2Pu
2018-08-05 01:25:24,401 - __main__ - WARNING - Failed to get media details for BlBC5DdjkkN
2018-08-05 01:25:25,418 - __main__ - WARNING - Failed to get media details for BlBC6j-jJaQ
2018-08-05 01:25:26,506 - __main__ - WARNING - Failed to get media details for BlBC7ZTDK0g
2018-08-05 01:25:40,473 - __main__ - WARNING - Failed to get media details for Bjj3TLrHZhR
2018-08-05 01:25:41,410 - __main__ - WARNING - Failed to get media details for Bjj3TfenH-q
2018-08-05 01:25:42,382 - __main__ - WARNING - Failed to get media details for Bjj3TqNHarZ
2018-08-05 01:25:43,537 - __main__ - WARNING - Failed to get media details for Bjj3T3LH5Ja
2018-08-05 01:25:45,335 - __main__ - WARNING - Failed to get media details for BjeiiVhghrG
2018-08-05 01:25:46,452 - __main__ - WARNING - Failed to get media details for BjeiiX0AhVx
2018-08-05 01:26:13,356 - __main__ - WARNING - Failed to get media details for Bh7oJgXBqSd
2018-08-05 01:26:14,552 - __main__ - WARNING - Failed to get media details for Bh7oJaQhAEw
2018-08-05 01:26:16,029 - __main__ - WARNING - Failed to get media details for Bh3zXkhF-Ps
2018-08-05 01:26:16,949 - __main__ - WARNING - Failed to get media details for Bh3zcvXFjhR
2018-08-05 01:26:18,021 - __main__ - WARNING - Failed to get media details for Bh3zeipFn3d
2018-08-05 01:26:18,942 - __main__ - WARNING - Failed to get media details for Bh3zc4ylNUe
2018-08-05 01:26:22,169 - __main__ - WARNING - Failed to get media details for BhrIHB2DI70
2018-08-05 01:26:23,212 - __main__ - WARNING - Failed to get media details for BhrIHEqjmW7
2018-08-05 01:26:24,467 - __main__ - WARNING - Failed to get media details for BhrIHDsDUom
2018-08-05 01:26:36,374 - __main__ - WARNING - Failed to get media details for BhGrcBdDaus
2018-08-05 01:26:37,732 - __main__ - WARNING - Failed to get media details for BhGrbyYjN6Y
2018-08-05 01:26:39,019 - __main__ - WARNING - Failed to get media details for BhGrbwljwSV
2018-08-05 01:26:57,890 - __main__ - WARNING - Failed to get media details for Bhaq1GIn-ig
2018-08-05 01:26:58,896 - __main__ - WARNING - Failed to get media details for Bhaq1HiHyFu
2018-08-05 01:26:59,906 - __main__ - WARNING - Failed to get media details for Bhaq1JJnmL7
2018-08-05 01:27:01,024 - __main__ - WARNING - Failed to get media details for Bhaq1Q0Hf1f
2018-08-05 01:27:01,989 - __main__ - WARNING - Failed to get media details for Bhaq1YfnZEW
2018-08-05 01:27:10,108 - __main__ - WARNING - Failed to get media details for BblU2GFAtWv
2018-08-05 01:27:11,292 - __main__ - WARNING - Failed to get media details for BblU2YGgRQV
2018-08-05 01:27:13,125 - __main__ - WARNING - Failed to get media details for BblU2Zbgaza
2018-08-05 01:27:14,394 - __main__ - WARNING - Failed to get media details for BblU2pGA0-5
2018-08-05 01:27:15,959 - __main__ - WARNING - Failed to get media details for BblU2_Wg_0s
2018-08-05 01:27:17,624 - __main__ - WARNING - Failed to get media details for BblU3LEAmuj
2018-08-05 01:27:18,779 - __main__ - WARNING - Failed to get media details for BblU3UvAoSq
2018-08-05 01:27:22,327 - __main__ - WARNING - Failed to get media details for BYfWkMyHUNt
2018-08-05 01:27:23,429 - __main__ - WARNING - Failed to get media details for BYfWkYHHa7Q
2018-08-05 01:27:46,139 - __main__ - WARNING - Failed to get media details for Bl5pFhlnerL
2018-08-05 01:27:47,393 - __main__ - WARNING - Failed to get media details for Bl5pF7XHX0y
2018-08-05 01:27:48,948 - __main__ - WARNING - Failed to get media details for BmCnPHHnMdx
2018-08-05 01:27:49,996 - __main__ - WARNING - Failed to get media details for BmCnPHln_K5
2018-08-05 01:27:51,862 - __main__ - WARNING - Failed to get media details for Bl8bkb_D6Rj
2018-08-05 01:27:52,924 - __main__ - WARNING - Failed to get media details for Bl8bkj4jfLx
2018-08-05 01:27:55,604 - __main__ - WARNING - Failed to get media details for BmCXt8SHzeR
2018-08-05 01:27:56,925 - __main__ - WARNING - Failed to get media details for BmCXvSnhZEL
2018-08-05 01:27:58,567 - __main__ - WARNING - Failed to get media details for Bl80kKahrZN
2018-08-05 01:27:59,512 - __main__ - WARNING - Failed to get media details for Bl80kSbB5-O
2018-08-05 01:28:00,388 - __main__ - WARNING - Failed to get media details for Bl80kW5B5wT
2018-08-05 01:28:01,491 - __main__ - WARNING - Failed to get media details for Bl80lClhGQ2
2018-08-05 01:28:02,529 - __main__ - WARNING - Failed to get media details for Bl80lHFhytR
2018-08-05 01:28:03,402 - __main__ - WARNING - Failed to get media details for Bl80kbJhHvM
2018-08-05 01:28:04,415 - __main__ - WARNING - Failed to get media details for Bl80lKjhtUJ
2018-08-05 01:28:05,573 - __main__ - WARNING - Failed to get media details for Bl80lK-hQL5
2018-08-05 01:28:06,608 - __main__ - WARNING - Failed to get media details for Bl80lLuBw9o
2018-08-05 01:28:07,551 - __main__ - WARNING - Failed to get media details for Bl80lTzh6-s
2018-08-05 01:28:09,126 - __main__ - WARNING - Failed to get media details for Bl554NHhpLM
2018-08-05 01:28:10,163 - __main__ - WARNING - Failed to get media details for Bl554UPhj9P
2018-08-05 01:28:12,873 - __main__ - WARNING - Failed to get media details for BmDylU0gvKC
2018-08-05 01:28:14,686 - __main__ - WARNING - Failed to get media details for BmDyl-6gg4g
2018-08-05 01:28:17,760 - __main__ - WARNING - Failed to get media details for BmDvDVkg_yM
2018-08-05 01:28:19,454 - __main__ - WARNING - Failed to get media details for BmDvDcpAM4E
2018-08-05 01:28:23,276 - __main__ - WARNING - Failed to get media details for BmCnPHHnMdx
2018-08-05 01:28:24,191 - __main__ - WARNING - Failed to get media details for BmCnPHln_K5
2018-08-05 01:28:26,874 - __main__ - WARNING - Failed to get media details for BmCXt8SHzeR
2018-08-05 01:28:28,228 - __main__ - WARNING - Failed to get media details for BmCXvSnhZEL
2018-08-05 01:28:34,178 - __main__ - WARNING - Failed to get media details for BmBtIgVARfv
2018-08-05 01:28:35,328 - __main__ - WARNING - Failed to get media details for BmBtIlrgDNP
2018-08-05 01:28:47,444 - __main__ - WARNING - Failed to get media details for Bl_jlRwAxdW
2018-08-05 01:28:48,626 - __main__ - WARNING - Failed to get media details for Bl_jlbPgh3a
2018-08-05 01:28:49,862 - __main__ - WARNING - Failed to get media details for Bl_jlhAg88P
2018-08-05 01:28:50,843 - __main__ - WARNING - Failed to get media details for Bl_jlnhgJsf
2018-08-05 01:28:53,922 - __main__ - WARNING - Failed to get media details for Bl_V22ln77n
2018-08-05 01:28:55,087 - __main__ - WARNING - Failed to get media details for Bl_V6QxBnMo
2018-08-05 01:28:59,459 - __main__ - WARNING - Failed to get media details for BkQjTy3g29V
2018-08-05 01:29:00,709 - __main__ - WARNING - Failed to get media details for BkQjT_kA_E0
2018-08-05 01:29:02,052 - __main__ - WARNING - Failed to get media details for BkQjUMoABOD
2018-08-05 01:29:03,535 - __main__ - WARNING - Failed to get media details for BlIbq88jDd7
2018-08-05 01:29:04,465 - __main__ - WARNING - Failed to get media details for BlIbq-BDp_5
2018-08-05 01:29:05,408 - __main__ - WARNING - Failed to get media details for BlIbq-ajSPJ
2018-08-05 01:29:12,406 - __main__ - WARNING - Failed to get media details for Bl841bonWD7
2018-08-05 01:29:13,556 - __main__ - WARNING - Failed to get media details for Bl841cYHJOa
2018-08-05 01:29:14,497 - __main__ - WARNING - Failed to get media details for Bl841conHO_
2018-08-05 01:29:17,943 - __main__ - WARNING - Failed to get media details for Bl1aCI0l4v3
2018-08-05 01:29:18,985 - __main__ - WARNING - Failed to get media details for Bl1aCPolNFu
2018-08-05 01:29:30,580 - __main__ - WARNING - Failed to get media details for Blln3cylQCU
2018-08-05 01:29:31,528 - __main__ - WARNING - Failed to get media details for Blln3cXldKn
2018-08-05 01:29:32,564 - __main__ - WARNING - Failed to get media details for Blln3cyFFHM
2018-08-05 01:29:33,818 - __main__ - WARNING - Failed to get media details for Blln3enlMee
2018-08-05 01:29:34,861 - __main__ - WARNING - Failed to get media details for Blln3eRlVS0
2018-08-05 01:29:35,802 - __main__ - WARNING - Failed to get media details for Blln3e0FT1g
2018-08-05 01:29:55,539 - __main__ - WARNING - Failed to get media details for BkyuQCwB5co
2018-08-05 01:29:56,792 - __main__ - WARNING - Failed to get media details for BkyuQMSBXOr
2018-08-05 01:29:58,179 - __main__ - WARNING - Failed to get media details for BkyuQWxBds3
2018-08-05 01:29:59,297 - __main__ - WARNING - Failed to get media details for BkyuQjihcMg
2018-08-05 01:30:00,312 - __main__ - WARNING - Failed to get media details for BkyuQtWBFy7
2018-08-05 01:30:04,313 - __main__ - WARNING - Failed to get media details for Bj3kcMNHAjf
2018-08-05 01:30:05,775 - __main__ - WARNING - Failed to get media details for Bj3kcViHQI2
2018-08-05 01:30:07,810 - __main__ - WARNING - Failed to get media details for BiY_j0UnZjV
2018-08-05 01:30:09,117 - __main__ - WARNING - Failed to get media details for BiZAgexHVtF
2018-08-05 01:30:10,224 - __main__ - WARNING - Failed to get media details for BiZAhF-HcET
2018-08-05 01:30:11,248 - __main__ - WARNING - Failed to get media details for BiZAhOPnfpX
2018-08-05 01:30:13,079 - __main__ - WARNING - Failed to get media details for BiT9N0uBLu2
2018-08-05 01:30:14,342 - __main__ - WARNING - Failed to get media details for BiT9NVgBTlt
2018-08-05 01:30:15,712 - __main__ - WARNING - Failed to get media details for BiT9NOwhRQf
2018-08-05 01:30:18,306 - __main__ - WARNING - Failed to get media details for BiBoZsUnos4
2018-08-05 01:30:19,770 - __main__ - WARNING - Failed to get media details for BiBoZsdn8wy
2018-08-05 01:30:20,924 - __main__ - WARNING - Failed to get media details for BiBoZzAHXId
2018-08-05 01:30:22,008 - __main__ - WARNING - Failed to get media details for BiBoaTRHu5Z
2018-08-05 01:30:23,215 - __main__ - WARNING - Failed to get media details for BiBoaaZHEbh
2018-08-05 01:30:26,131 - __main__ - WARNING - Failed to get media details for Bh-b-VGjDqk
2018-08-05 01:30:27,756 - __main__ - WARNING - Failed to get media details for Bh-b-jYDloW
2018-08-05 01:30:32,826 - __main__ - WARNING - Failed to get media details for BhFLw6Wjg9D
2018-08-05 01:30:34,244 - __main__ - WARNING - Failed to get media details for BhFLxTzjltL
2018-08-05 01:30:37,080 - __main__ - WARNING - Failed to get media details for Bgo_87GALVr
2018-08-05 01:30:38,464 - __main__ - WARNING - Failed to get media details for Bgo_9M6Atif
2018-08-05 01:30:39,718 - __main__ - WARNING - Failed to get media details for Bgo_9jNgnGx
2018-08-05 01:30:40,970 - __main__ - WARNING - Failed to get media details for Bgo_95eg_m7
2018-08-05 01:31:32,357 - __main__ - WARNING - Failed to get media details for BmCb19-ATgr
2018-08-05 01:31:33,809 - __main__ - WARNING - Failed to get media details for BmCb2lRAxnJ
2018-08-05 01:31:35,865 - __main__ - WARNING - Failed to get media details for BkN-XUTHW6J
2018-08-05 01:31:37,060 - __main__ - WARNING - Failed to get media details for BkN-XY8nRsD
2018-08-05 01:31:38,624 - __main__ - WARNING - Failed to get media details for BltRlZ6hv3x
2018-08-05 01:31:39,562 - __main__ - WARNING - Failed to get media details for BltRpIfHcdi
2018-08-05 01:31:43,227 - __main__ - WARNING - Failed to get media details for BmCb19-ATgr
2018-08-05 01:31:44,368 - __main__ - WARNING - Failed to get media details for BmCb2lRAxnJ
2018-08-05 01:31:49,173 - __main__ - WARNING - Failed to get media details for Bl9zw6kBGxv
2018-08-05 01:31:50,009 - __main__ - WARNING - Failed to get media details for Bl9zxA2huxK
2018-08-05 01:31:51,387 - __main__ - WARNING - Failed to get media details for Bl9NbuAlr60
2018-08-05 01:31:52,225 - __main__ - WARNING - Failed to get media details for Bl9NbwtlVbm
2018-08-05 01:31:55,642 - __main__ - WARNING - Failed to get media details for Bl7-gSMh9Sc
2018-08-05 01:31:56,966 - __main__ - WARNING - Failed to get media details for Bl7-gdanlt0
2018-08-05 01:31:58,020 - __main__ - WARNING - Failed to get media details for Bl7-g12HVWZ
2018-08-05 01:31:59,285 - __main__ - WARNING - Failed to get media details for Bl7-hDMniB-
2018-08-05 01:32:01,187 - __main__ - WARNING - Failed to get media details for Bl7-hNFnaf9
2018-08-05 01:32:02,435 - __main__ - WARNING - Failed to get media details for Bl7-hQYnmJL
2018-08-05 01:32:03,794 - __main__ - WARNING - Failed to get media details for Bl7-hQTHc1Q
2018-08-05 01:32:04,942 - __main__ - WARNING - Failed to get media details for Bl7-hRyHLRr
2018-08-05 01:32:10,680 - __main__ - WARNING - Failed to get media details for Bl4Wh6FHzRi
2018-08-05 01:32:11,942 - __main__ - WARNING - Failed to get media details for Bl4WiGfnmFv
2018-08-05 01:32:13,923 - __main__ - WARNING - Failed to get media details for Bl4GKTRgpCL
2018-08-05 01:32:15,492 - __main__ - WARNING - Failed to get media details for Bl4GKVEADJO
2018-08-05 01:32:16,637 - __main__ - WARNING - Failed to get media details for Bl4GKW2Aopo
2018-08-05 01:32:17,998 - __main__ - WARNING - Failed to get media details for Bl4GKatgFJj
2018-08-05 01:32:19,323 - __main__ - WARNING - Failed to get media details for Bl4GKc2gfeo
2018-08-05 01:32:26,666 - __main__ - WARNING - Failed to get media details for BlzSoZKl6Yh
2018-08-05 01:32:27,723 - __main__ - WARNING - Failed to get media details for BlzSodfFtcf
2018-08-05 01:32:29,068 - __main__ - WARNING - Failed to get media details for BlzSof-lzj0
2018-08-05 01:32:31,472 - __main__ - WARNING - Failed to get media details for BlyolYznub3
2018-08-05 01:32:32,617 - __main__ - WARNING - Failed to get media details for BlyolsqHw1j
2018-08-05 01:32:34,082 - __main__ - WARNING - Failed to get media details for BlycaV2BnRH
2018-08-05 01:32:35,647 - __main__ - WARNING - Failed to get media details for BlycaZqhSWx
2018-08-05 01:32:36,690 - __main__ - WARNING - Failed to get media details for BlycarWBwPE
2018-08-05 01:32:37,841 - __main__ - WARNING - Failed to get media details for Blycaw5hWms
2018-08-05 01:32:41,039 - __main__ - WARNING - Failed to get media details for BlyR07aj3tm
2018-08-05 01:32:42,855 - __main__ - WARNING - Failed to get media details for BlyR223jJ2R
2018-08-05 01:32:48,702 - __main__ - WARNING - Failed to get media details for BltskbMHJkw
2018-08-05 01:32:49,956 - __main__ - WARNING - Failed to get media details for Bltskunn3Sx
2018-08-05 01:32:51,106 - __main__ - WARNING - Failed to get media details for Bltskx0H5Qh
2018-08-05 01:32:52,567 - __main__ - WARNING - Failed to get media details for Bltsk4cnkt9
2018-08-05 01:32:53,836 - __main__ - WARNING - Failed to get media details for BltslCvnsZq
2018-08-05 01:32:55,316 - __main__ - WARNING - Failed to get media details for BltRlZ6hv3x
2018-08-05 01:32:57,057 - __main__ - WARNING - Failed to get media details for BltRpIfHcdi
2018-08-05 01:32:59,880 - __main__ - WARNING - Failed to get media details for Blp7Bv5ABOl
2018-08-05 01:33:01,131 - __main__ - WARNING - Failed to get media details for Blp7B6UAw6y
2018-08-05 01:33:03,203 - __main__ - WARNING - Failed to get media details for BloLW4tA-ZV
2018-08-05 01:33:04,424 - __main__ - WARNING - Failed to get media details for BloLXBiAAp2
2018-08-05 01:33:05,871 - __main__ - WARNING - Failed to get media details for BloLXKoA8Yq
2018-08-05 01:33:07,413 - __main__ - WARNING - Failed to get media details for Bln8U8KFJCR
2018-08-05 01:33:08,445 - __main__ - WARNING - Failed to get media details for Bln8ZW5l_w9
2018-08-05 01:33:09,467 - __main__ - WARNING - Failed to get media details for Bln8aRzFgck
2018-08-05 01:33:10,457 - __main__ - WARNING - Failed to get media details for Bln8algFoLS
2018-08-05 01:33:11,499 - __main__ - WARNING - Failed to get media details for Bln8alFlW8x
2018-08-05 01:33:13,781 - __main__ - WARNING - Failed to get media details for BllOeScBoLo
2018-08-05 01:33:14,712 - __main__ - WARNING - Failed to get media details for BllOfDKhBJH
2018-08-05 01:33:40,090 - __main__ - WARNING - Failed to get media details for BgStcYoHKPX
2018-08-05 01:33:41,139 - __main__ - WARNING - Failed to get media details for BgStddvnaqG
2018-08-05 01:33:42,177 - __main__ - WARNING - Failed to get media details for BgStcqXnXrc
2018-08-05 01:33:43,278 - __main__ - WARNING - Failed to get media details for BgStdmxnthV
2018-08-05 01:33:44,477 - __main__ - WARNING - Failed to get media details for BgStdNkHivB
2018-08-05 01:33:45,728 - __main__ - WARNING - Failed to get media details for BgStdnbntjw
2018-08-05 01:33:46,879 - __main__ - WARNING - Failed to get media details for BgSteu9npQe
2018-08-05 01:33:47,793 - __main__ - WARNING - Failed to get media details for BgStfLdHNgQ
2018-08-05 01:33:48,864 - __main__ - WARNING - Failed to get media details for BgStfOgn6GV
2018-08-05 01:33:51,342 - __main__ - WARNING - Failed to get media details for BiXhY8pF9ta
2018-08-05 01:33:52,310 - __main__ - WARNING - Failed to get media details for BiXhZYIFOOj
2018-08-05 01:33:53,249 - __main__ - WARNING - Failed to get media details for BiXhZnHFQGo
2018-08-05 01:34:02,129 - __main__ - WARNING - Failed to get media details for BlcqCqEh_6-
2018-08-05 01:34:03,276 - __main__ - WARNING - Failed to get media details for BlcqCqChEPl
2018-08-05 01:34:04,301 - __main__ - WARNING - Failed to get media details for BlcqCp_BRwY
2018-08-05 01:34:05,405 - __main__ - WARNING - Failed to get media details for BlcqCprBWuf
2018-08-05 01:34:06,410 - __main__ - WARNING - Failed to get media details for BlcqCojhFzk
2018-08-05 01:34:07,453 - __main__ - WARNING - Failed to get media details for BlcqCqOhNjf
2018-08-05 01:34:08,469 - __main__ - WARNING - Failed to get media details for BlcqC4mhTgf
2018-08-05 01:34:09,762 - __main__ - WARNING - Failed to get media details for BlcqC6KhZIF
2018-08-05 01:34:11,206 - __main__ - WARNING - Failed to get media details for BlcqC-CBl4N
2018-08-05 01:34:12,346 - __main__ - WARNING - Failed to get media details for BlcqC9XBHc0
2018-08-05 01:34:14,280 - __main__ - WARNING - Failed to get media details for BlcWteiDiWX
2018-08-05 01:34:15,723 - __main__ - WARNING - Failed to get media details for BlcWteyDPFJ
2018-08-05 01:34:16,857 - __main__ - WARNING - Failed to get media details for BlcWtrlDWlV
2018-08-05 01:34:18,541 - __main__ - WARNING - Failed to get media details for BlcWtnjDmtM
2018-08-05 01:34:19,778 - __main__ - WARNING - Failed to get media details for BlcWtdpjVx4
2018-08-05 01:34:21,031 - __main__ - WARNING - Failed to get media details for BlcWp3CAjLp
2018-08-05 01:34:22,393 - __main__ - WARNING - Failed to get media details for BlcWqAJA4hN
2018-08-05 01:34:36,912 - __main__ - WARNING - Failed to get media details for Bk5MTZzlohA
2018-08-05 01:34:38,369 - __main__ - WARNING - Failed to get media details for Bk5MTqKF2k0
2018-08-05 01:34:39,831 - __main__ - WARNING - Failed to get media details for Bk5MT06lizb
2018-08-05 01:34:41,293 - __main__ - WARNING - Failed to get media details for Bk5MUDzly7n
2018-08-05 01:34:43,384 - __main__ - WARNING - Failed to get media details for Bk4t_jcHxvZ
2018-08-05 01:34:44,677 - __main__ - WARNING - Failed to get media details for Bk4t_tQnNDs
2018-08-05 01:34:46,616 - __main__ - WARNING - Failed to get media details for BkwE12MndGn
2018-08-05 01:34:47,513 - __main__ - WARNING - Failed to get media details for BkwE2DZHxRR
2018-08-05 01:34:48,705 - __main__ - WARNING - Failed to get media details for BkwE2FOHhbs
2018-08-05 01:34:50,801 - __main__ - WARNING - Failed to get media details for BkswXjAApOa
2018-08-05 01:34:52,033 - __main__ - WARNING - Failed to get media details for BkswXuPgFnc
2018-08-05 01:34:54,669 - __main__ - WARNING - Failed to get media details for Bkrs4JYHkuk
2018-08-05 01:34:56,062 - __main__ - WARNING - Failed to get media details for Bkrs4dtnWT7
2018-08-05 01:34:57,478 - __main__ - WARNING - Failed to get media details for Bkrs4fCHHO8
2018-08-05 01:34:59,014 - __main__ - WARNING - Failed to get media details for Bkrs4ZaHeJG
2018-08-05 01:35:00,397 - __main__ - WARNING - Failed to get media details for Bkrs4b7Hlf9
2018-08-05 01:35:01,761 - __main__ - WARNING - Failed to get media details for Bkrs4YhHoru
2018-08-05 01:35:08,866 - __main__ - WARNING - Failed to get media details for BgStcYoHKPX
2018-08-05 01:35:10,011 - __main__ - WARNING - Failed to get media details for BgStddvnaqG
2018-08-05 01:35:11,086 - __main__ - WARNING - Failed to get media details for BgStcqXnXrc
2018-08-05 01:35:12,046 - __main__ - WARNING - Failed to get media details for BgStdmxnthV
2018-08-05 01:35:13,108 - __main__ - WARNING - Failed to get media details for BgStdNkHivB
2018-08-05 01:35:14,197 - __main__ - WARNING - Failed to get media details for BgStdnbntjw
2018-08-05 01:35:15,199 - __main__ - WARNING - Failed to get media details for BgSteu9npQe
2018-08-05 01:35:16,248 - __main__ - WARNING - Failed to get media details for BgStfLdHNgQ
2018-08-05 01:35:17,222 - __main__ - WARNING - Failed to get media details for BgStfOgn6GV
2018-08-05 01:35:19,467 - __main__ - WARNING - Failed to get media details for BiXhY8pF9ta
2018-08-05 01:35:20,358 - __main__ - WARNING - Failed to get media details for BiXhZYIFOOj
2018-08-05 01:35:21,309 - __main__ - WARNING - Failed to get media details for BiXhZnHFQGo
2018-08-05 01:35:29,421 - __main__ - WARNING - Failed to get media details for BlcqCqEh_6-
2018-08-05 01:35:30,581 - __main__ - WARNING - Failed to get media details for BlcqCqChEPl
2018-08-05 01:35:31,636 - __main__ - WARNING - Failed to get media details for BlcqCp_BRwY
2018-08-05 01:35:32,655 - __main__ - WARNING - Failed to get media details for BlcqCprBWuf
2018-08-05 01:35:33,758 - __main__ - WARNING - Failed to get media details for BlcqCojhFzk
2018-08-05 01:35:34,976 - __main__ - WARNING - Failed to get media details for BlcqCqOhNjf
2018-08-05 01:35:36,204 - __main__ - WARNING - Failed to get media details for BlcqC4mhTgf
2018-08-05 01:35:37,447 - __main__ - WARNING - Failed to get media details for BlcqC6KhZIF
2018-08-05 01:35:38,529 - __main__ - WARNING - Failed to get media details for BlcqC-CBl4N
2018-08-05 01:35:39,501 - __main__ - WARNING - Failed to get media details for BlcqC9XBHc0
2018-08-05 01:35:42,381 - __main__ - WARNING - Failed to get media details for BlcWteiDiWX
2018-08-05 01:35:43,653 - __main__ - WARNING - Failed to get media details for BlcWteyDPFJ
2018-08-05 01:35:45,317 - __main__ - WARNING - Failed to get media details for BlcWtrlDWlV
2018-08-05 01:35:46,569 - __main__ - WARNING - Failed to get media details for BlcWtnjDmtM
2018-08-05 01:35:48,037 - __main__ - WARNING - Failed to get media details for BlcWtdpjVx4
2018-08-05 01:35:49,389 - __main__ - WARNING - Failed to get media details for BlcWp3CAjLp
2018-08-05 01:35:50,747 - __main__ - WARNING - Failed to get media details for BlcWqAJA4hN
2018-08-05 01:36:04,201 - __main__ - WARNING - Failed to get media details for Bk5MTZzlohA
2018-08-05 01:36:05,682 - __main__ - WARNING - Failed to get media details for Bk5MTqKF2k0
2018-08-05 01:36:06,831 - __main__ - WARNING - Failed to get media details for Bk5MT06lizb
2018-08-05 01:36:08,293 - __main__ - WARNING - Failed to get media details for Bk5MUDzly7n
2018-08-05 01:36:10,069 - __main__ - WARNING - Failed to get media details for Bk4t_jcHxvZ
2018-08-05 01:36:11,331 - __main__ - WARNING - Failed to get media details for Bk4t_tQnNDs
2018-08-05 01:36:13,118 - __main__ - WARNING - Failed to get media details for BkwE12MndGn
2018-08-05 01:36:14,142 - __main__ - WARNING - Failed to get media details for BkwE2DZHxRR
2018-08-05 01:36:15,126 - __main__ - WARNING - Failed to get media details for BkwE2FOHhbs
2018-08-05 01:36:17,378 - __main__ - WARNING - Failed to get media details for BkswXjAApOa
2018-08-05 01:36:18,738 - __main__ - WARNING - Failed to get media details for BkswXuPgFnc
2018-08-05 01:36:21,359 - __main__ - WARNING - Failed to get media details for Bkrs4JYHkuk
2018-08-05 01:36:22,611 - __main__ - WARNING - Failed to get media details for Bkrs4dtnWT7
2018-08-05 01:36:24,172 - __main__ - WARNING - Failed to get media details for Bkrs4fCHHO8
2018-08-05 01:36:25,403 - __main__ - WARNING - Failed to get media details for Bkrs4ZaHeJG
2018-08-05 01:36:26,574 - __main__ - WARNING - Failed to get media details for Bkrs4b7Hlf9
2018-08-05 01:36:28,138 - __main__ - WARNING - Failed to get media details for Bkrs4YhHoru
